<?xml version="1.0" encoding="UTF-8"?>
<!-- Generated by org.testng.reporters.JUnitXMLReporter -->
<testsuite hostname="Paulomi" ignored="1" name="Wk-14-com-nopcommerce-sw-5" tests="1" failures="0" timestamp="2023-05-07T14:24:55 BST" time="10.297" errors="0">
  <testcase name="verifyProductArrangeInAlphabaticalOrder" time="2.489" classname="demo.nopcommerce.com.testsuite.LoginTest"/>
  <testcase name="verifyProductAddedToShoppingCartSuccessFully" time="0.0" classname="demo.nopcommerce.com.testsuite.LoginTest">
    <ignored/>
  </testcase> <!-- verifyProductAddedToShoppingCartSuccessFully -->
</testsuite> <!-- Wk-14-com-nopcommerce-sw-5 -->
