<?xml version="1.0" encoding="UTF-8"?>
<testng-results skipped="0" failed="0" ignored="1" total="2" passed="1">
  <reporter-output>
  </reporter-output>
  <suite name="Default Suite" duration-ms="10297" started-at="2023-05-07T14:24:45 BST" finished-at="2023-05-07T14:24:55 BST">
    <groups>
      <group name="regression">
        <method signature="LoginTest.verifyProductArrangeInAlphabaticalOrder()[pri:0, instance:demo.nopcommerce.com.testsuite.LoginTest@7d0587f1]" name="verifyProductArrangeInAlphabaticalOrder" class="demo.nopcommerce.com.testsuite.LoginTest"/>
      </group> <!-- regression -->
      <group name="sanity">
        <method signature="LoginTest.verifyProductArrangeInAlphabaticalOrder()[pri:0, instance:demo.nopcommerce.com.testsuite.LoginTest@7d0587f1]" name="verifyProductArrangeInAlphabaticalOrder" class="demo.nopcommerce.com.testsuite.LoginTest"/>
      </group> <!-- sanity -->
    </groups>
    <test name="Wk-14-com-nopcommerce-sw-5" duration-ms="10297" started-at="2023-05-07T14:24:45 BST" finished-at="2023-05-07T14:24:55 BST">
      <class name="demo.nopcommerce.com.testsuite.LoginTest">
        <test-method status="PASS" signature="setUp()[pri:0, instance:demo.nopcommerce.com.testsuite.LoginTest@7d0587f1]" name="setUp" is-config="true" duration-ms="6747" started-at="2023-05-07T14:24:45 BST" finished-at="2023-05-07T14:24:52 BST">
          <reporter-output>
          </reporter-output>
        </test-method> <!-- setUp -->
        <test-method status="PASS" signature="inIt()[pri:0, instance:demo.nopcommerce.com.testsuite.LoginTest@7d0587f1]" name="inIt" is-config="true" duration-ms="37" started-at="2023-05-07T14:24:52 BST" finished-at="2023-05-07T14:24:52 BST">
          <reporter-output>
          </reporter-output>
        </test-method> <!-- inIt -->
        <test-method status="PASS" signature="verifyProductArrangeInAlphabaticalOrder()[pri:0, instance:demo.nopcommerce.com.testsuite.LoginTest@7d0587f1]" name="verifyProductArrangeInAlphabaticalOrder" duration-ms="2489" started-at="2023-05-07T14:24:52 BST" finished-at="2023-05-07T14:24:55 BST">
          <reporter-output>
          </reporter-output>
        </test-method> <!-- verifyProductArrangeInAlphabaticalOrder -->
        <test-method status="PASS" signature="tearDown()[pri:0, instance:demo.nopcommerce.com.testsuite.LoginTest@7d0587f1]" name="tearDown" is-config="true" duration-ms="731" started-at="2023-05-07T14:24:55 BST" finished-at="2023-05-07T14:24:55 BST">
          <reporter-output>
          </reporter-output>
        </test-method> <!-- tearDown -->
      </class> <!-- demo.nopcommerce.com.testsuite.LoginTest -->
    </test> <!-- Wk-14-com-nopcommerce-sw-5 -->
  </suite> <!-- Default Suite -->
</testng-results>
